<?xml version="1.0" encoding="UTF-8"?>
<!-- Generated by org.testng.reporters.JUnitReportReporter -->
<testsuite hostname="PW03VNG0" failures="0" tests="1" name="keywordDrivenExecute.FieldValidateScripts" time="4.617" errors="0" timestamp="2023-10-21T19:18:08 IST" skipped="0">
  <testcase classname="keywordDrivenExecute.FieldValidateScripts" name="runScripts" time="4.617"/>
  <system-out>
    <![CDATA[STEP1
STEP2
STEP3
STEP4
STEP5
STEP6
STEP7
STEP8
STEP9
STEP10
STEP11
STEP12
STEP13]]>
  </system-out>
</testsuite> <!-- keywordDrivenExecute.FieldValidateScripts -->
