<?xml version="1.0" encoding="UTF-8"?>
<!-- Generated by org.testng.reporters.JUnitReportReporter -->
<testsuite hostname="PW03VNG0" name="project.GoogleTC" tests="1" failures="0" timestamp="29 May 2023 15:21:44 GMT" time="9.397" errors="0">
  <testcase name="openBroser" time="9.397" classname="project.GoogleTC"/>
</testsuite> <!-- project.GoogleTC -->
