<?xml version="1.0" encoding="UTF-8"?>
<!-- Generated by org.testng.reporters.JUnitReportReporter -->
<testsuite hostname="LAPTOP-8LNS6U6A" failures="0" tests="1" name="demo.GoogleTC" time="10.673" errors="0" timestamp="2023-05-12T20:56:23 IST" skipped="0">
  <testcase classname="demo.GoogleTC" name="openBroser" time="10.673"/>
  <system-out/>
</testsuite> <!-- demo.GoogleTC -->
